<?xml version="1.0" encoding="UTF-8"?>
<!-- Generated by org.testng.reporters.JUnitReportReporter -->
<testsuite hostname="DESKTOP-175K8UN" failures="0" tests="2" name="com.dataprovider.latest.DataProviderTest" time="0.013" errors="0" timestamp="2024-07-12T12:58:31 IST" skipped="0">
  <testcase classname="com.dataprovider.latest.DataProviderTest" name="testOneDataProvider" time="0.003"/>
  <system-out/>
  <testcase classname="com.dataprovider.latest.DataProviderTest" name="testOneDataProvider" time="0.010"/>
  <system-out/>
</testsuite> <!-- com.dataprovider.latest.DataProviderTest -->
