<?xml version="1.0" encoding="UTF-8"?>
<!-- Generated by org.testng.reporters.JUnitReportReporter -->
<testsuite hostname="DESKTOP-175K8UN" failures="0" tests="3" name="com.dataprovider.latest.DataProviderWithExcel" time="0.057" errors="0" timestamp="2024-07-13T18:08:39 IST" skipped="0">
  <testcase classname="com.dataprovider.latest.DataProviderWithExcel" name="test2" time="0.010"/>
  <system-out/>
  <testcase classname="com.dataprovider.latest.DataProviderWithExcel" name="test2" time="0.042"/>
  <system-out/>
  <testcase classname="com.dataprovider.latest.DataProviderWithExcel" name="test2" time="0.005"/>
  <system-out/>
</testsuite> <!-- com.dataprovider.latest.DataProviderWithExcel -->
