<?xml version="1.0" encoding="UTF-8"?>
<!-- Generated by org.testng.reporters.JUnitReportReporter -->
<testsuite hostname="DESKTOP-175K8UN" failures="0" tests="1" name="com.automationall.test.OrangeHRMTest" time="15.453" errors="0" timestamp="2024-07-13T23:47:29 IST" skipped="0">
  <testcase classname="com.automationall.test.OrangeHRMTest" name="loginLogOutTest" time="15.453"/>
  <system-out/>
</testsuite> <!-- com.automationall.test.OrangeHRMTest -->
