<?xml version="1.0" encoding="UTF-8"?>
<!-- Generated by org.testng.reporters.JUnitReportReporter -->
<testsuite hostname="DESKTOP-175K8UN" failures="0" tests="4" name="com.dataprovider.latest.MultipleDataProviders" time="0.046" errors="0" timestamp="2024-07-12T13:18:25 IST" skipped="0">
  <testcase classname="com.dataprovider.latest.MultipleDataProviders" name="test2" time="0.010"/>
  <system-out/>
  <testcase classname="com.dataprovider.latest.MultipleDataProviders" name="test2" time="0.003"/>
  <system-out/>
  <testcase classname="com.dataprovider.latest.MultipleDataProviders" name="test1" time="0.007"/>
  <system-out/>
  <testcase classname="com.dataprovider.latest.MultipleDataProviders" name="test1" time="0.026"/>
  <system-out/>
</testsuite> <!-- com.dataprovider.latest.MultipleDataProviders -->
