<?xml version="1.0" encoding="UTF-8"?>
<!-- Generated by org.testng.reporters.JUnitReportReporter -->
<testsuite hostname="DESKTOP-175K8UN" failures="0" tests="1" name="com.automationall.test.HomePageTests" time="11.709" errors="0" timestamp="2024-07-07T13:25:21 IST" skipped="0">
  <testcase classname="com.automationall.test.HomePageTests" name="dologinandSearchThree" time="11.709"/>
  <system-out/>
</testsuite> <!-- com.automationall.test.HomePageTests -->
