<?xml version="1.0" encoding="UTF-8"?>
<!-- Generated by org.testng.reporters.JUnitReportReporter -->
<testsuite hostname="DESKTOP-175K8UN" failures="0" tests="1" name="com.automationall.test.LoginTest" time="6.297" errors="0" timestamp="2024-07-06T13:56:10 IST" skipped="0">
  <testcase classname="com.automationall.test.LoginTest" name="dologinandSearch" time="6.297"/>
  <system-out/>
</testsuite> <!-- com.automationall.test.LoginTest -->
